<?xml version="1.0" encoding="UTF-8"?>
<!-- Generated by org.testng.reporters.JUnitXMLReporter -->
<testsuite hostname="LAPTOP-D2GVCL39" ignored="0" name="Default test" tests="6" failures="0" timestamp="2021-05-02T14:21:29 IST" time="27.206" errors="0">
  <testcase name="verfiyNavigationToWebTablePageAndInitialiseData" time="0.326" classname="KTCTC.regression.WebTablesTest"/>
  <testcase name="verifyNewUserCanBeAddedOnWebTablePage" time="2.801" classname="KTCTC.regression.WebTablesTest"/>
  <testcase name="verifyAllDetailsOfAddedUser" time="0.595" classname="KTCTC.regression.WebTablesTest"/>
  <testcase name="verifyExistingUserDetailsCanBeEditedOnWebTablePage" time="2.814" classname="KTCTC.regression.WebTablesTest"/>
  <testcase name="verifyAllDetailsOfEditedUser" time="0.503" classname="KTCTC.regression.WebTablesTest"/>
  <testcase name="verifyExistingUserCanBeDeletedOnWebTablePage" time="10.752" classname="KTCTC.regression.WebTablesTest"/>
</testsuite> <!-- Default test -->
