<?xml version="1.0" encoding="UTF-8"?>
<!-- Generated by org.testng.reporters.JUnitXMLReporter -->
<testsuite hostname="LAPTOP-D2GVCL39" ignored="0" name="Default test" tests="6" failures="0" timestamp="2021-05-02T20:50:57 IST" time="34.641" errors="0">
  <testcase name="verfiyNavigationToWebTablePageAndInitialiseData" time="0.411" classname="KTCTC.regression.WebTablesTest"/>
  <testcase name="verifyNewUserCanBeAddedOnWebTablePage" time="2.894" classname="KTCTC.regression.WebTablesTest"/>
  <testcase name="verifyAllDetailsOfAddedUser" time="0.511" classname="KTCTC.regression.WebTablesTest"/>
  <testcase name="verifyExistingUserDetailsCanBeEditedOnWebTablePage" time="2.81" classname="KTCTC.regression.WebTablesTest"/>
  <testcase name="verifyAllDetailsOfEditedUser" time="0.476" classname="KTCTC.regression.WebTablesTest"/>
  <testcase name="verifyExistingUserCanBeDeletedOnWebTablePage" time="10.765" classname="KTCTC.regression.WebTablesTest"/>
</testsuite> <!-- Default test -->
